[1.180s] Invoking command in '/home/altair/.local/share/Trash/files/ros2_haru/src/harurobo_pkg': PYTHONPATH=/home/altair/.local/share/Trash/files/ros2_haru/build/harurobo_pkg/prefix_override:/usr/lib/python3/dist-packages/colcon_core/task/python/colcon_distutils_commands:/home/altair/.local/share/Trash/files/ros2_haru/install/harurobo_pkg/lib/python3.10/site-packages:${PYTHONPATH} /usr/bin/python3 -W ignore:setup.py install is deprecated -W ignore:easy_install command is deprecated setup.py egg_info --egg-base ../../build/harurobo_pkg build --build-base /home/altair/.local/share/Trash/files/ros2_haru/build/harurobo_pkg/build install --record /home/altair/.local/share/Trash/files/ros2_haru/build/harurobo_pkg/install.log --single-version-externally-managed install_data
[1.372s] /home/altair/.local/lib/python3.10/site-packages/setuptools/_distutils/dist.py:261: UserWarning: Unknown distribution option: 'tests_require'
[1.372s]   warnings.warn(msg)
[1.544s] running egg_info
[1.572s] writing ../../build/harurobo_pkg/harurobo_pkg.egg-info/PKG-INFO
[1.573s] writing dependency_links to ../../build/harurobo_pkg/harurobo_pkg.egg-info/dependency_links.txt
[1.573s] writing entry points to ../../build/harurobo_pkg/harurobo_pkg.egg-info/entry_points.txt
[1.573s] writing requirements to ../../build/harurobo_pkg/harurobo_pkg.egg-info/requires.txt
[1.573s] writing top-level names to ../../build/harurobo_pkg/harurobo_pkg.egg-info/top_level.txt
[1.631s] reading manifest file '../../build/harurobo_pkg/harurobo_pkg.egg-info/SOURCES.txt'
[1.632s] writing manifest file '../../build/harurobo_pkg/harurobo_pkg.egg-info/SOURCES.txt'
[1.633s] running build
[1.633s] running build_py
[1.633s] copying harurobo_pkg/planning_node.py -> /home/altair/.local/share/Trash/files/ros2_haru/build/harurobo_pkg/build/lib/harurobo_pkg
[1.633s] copying harurobo_pkg/web_socket_node.py -> /home/altair/.local/share/Trash/files/ros2_haru/build/harurobo_pkg/build/lib/harurobo_pkg
[1.633s] copying harurobo_pkg/__init__.py -> /home/altair/.local/share/Trash/files/ros2_haru/build/harurobo_pkg/build/lib/harurobo_pkg
[1.634s] copying harurobo_pkg/can_node.py -> /home/altair/.local/share/Trash/files/ros2_haru/build/harurobo_pkg/build/lib/harurobo_pkg
[1.634s] running install
[1.639s] running install_lib
[1.669s] running install_data
[1.669s] copying resource/harurobo_pkg -> /home/altair/.local/share/Trash/files/ros2_haru/install/harurobo_pkg/share/ament_index/resource_index/packages
[1.669s] copying package.xml -> /home/altair/.local/share/Trash/files/ros2_haru/install/harurobo_pkg/share/harurobo_pkg
[1.669s] running install_egg_info
[1.698s] removing '/home/altair/.local/share/Trash/files/ros2_haru/install/harurobo_pkg/lib/python3.10/site-packages/harurobo_pkg-0.0.0-py3.10.egg-info' (and everything under it)
[1.699s] Copying ../../build/harurobo_pkg/harurobo_pkg.egg-info to /home/altair/.local/share/Trash/files/ros2_haru/install/harurobo_pkg/lib/python3.10/site-packages/harurobo_pkg-0.0.0-py3.10.egg-info
[1.700s] running install_scripts
[1.915s] Installing can_node script to /home/altair/.local/share/Trash/files/ros2_haru/install/harurobo_pkg/lib/harurobo_pkg
[1.915s] Installing planning_node script to /home/altair/.local/share/Trash/files/ros2_haru/install/harurobo_pkg/lib/harurobo_pkg
[1.915s] Installing web_socket_node script to /home/altair/.local/share/Trash/files/ros2_haru/install/harurobo_pkg/lib/harurobo_pkg
[1.916s] writing list of installed files to '/home/altair/.local/share/Trash/files/ros2_haru/build/harurobo_pkg/install.log'
[1.945s] Invoked command in '/home/altair/.local/share/Trash/files/ros2_haru/src/harurobo_pkg' returned '0': PYTHONPATH=/home/altair/.local/share/Trash/files/ros2_haru/build/harurobo_pkg/prefix_override:/usr/lib/python3/dist-packages/colcon_core/task/python/colcon_distutils_commands:/home/altair/.local/share/Trash/files/ros2_haru/install/harurobo_pkg/lib/python3.10/site-packages:${PYTHONPATH} /usr/bin/python3 -W ignore:setup.py install is deprecated -W ignore:easy_install command is deprecated setup.py egg_info --egg-base ../../build/harurobo_pkg build --build-base /home/altair/.local/share/Trash/files/ros2_haru/build/harurobo_pkg/build install --record /home/altair/.local/share/Trash/files/ros2_haru/build/harurobo_pkg/install.log --single-version-externally-managed install_data
