[5.405s] Invoking command in '/home/altair/ros2_haru/src/harurobo_pkg': PYTHONPATH=/home/altair/ros2_haru/build/harurobo_pkg/prefix_override:/usr/lib/python3/dist-packages/colcon_core/task/python/colcon_distutils_commands:/home/altair/ros2_haru/install/harurobo_pkg/lib/python3.10/site-packages:${PYTHONPATH} /usr/bin/python3 -W ignore:setup.py install is deprecated -W ignore:easy_install command is deprecated setup.py egg_info --egg-base ../../build/harurobo_pkg build --build-base /home/altair/ros2_haru/build/harurobo_pkg/build install --record /home/altair/ros2_haru/build/harurobo_pkg/install.log --single-version-externally-managed install_data
[6.033s] /home/altair/.local/lib/python3.10/site-packages/setuptools/_distutils/dist.py:261: UserWarning: Unknown distribution option: 'tests_require'
[6.034s]   warnings.warn(msg)
[6.774s] running egg_info
[6.832s] writing ../../build/harurobo_pkg/harurobo_pkg.egg-info/PKG-INFO
[6.833s] writing dependency_links to ../../build/harurobo_pkg/harurobo_pkg.egg-info/dependency_links.txt
[6.833s] writing entry points to ../../build/harurobo_pkg/harurobo_pkg.egg-info/entry_points.txt
[6.833s] writing requirements to ../../build/harurobo_pkg/harurobo_pkg.egg-info/requires.txt
[6.834s] writing top-level names to ../../build/harurobo_pkg/harurobo_pkg.egg-info/top_level.txt
[7.040s] reading manifest file '../../build/harurobo_pkg/harurobo_pkg.egg-info/SOURCES.txt'
[7.053s] writing manifest file '../../build/harurobo_pkg/harurobo_pkg.egg-info/SOURCES.txt'
[7.053s] running build
[7.053s] running build_py
[7.053s] copying harurobo_pkg/planning_node.py -> /home/altair/ros2_haru/build/harurobo_pkg/build/lib/harurobo_pkg
[7.054s] copying harurobo_pkg/serial_receive_node.py -> /home/altair/ros2_haru/build/harurobo_pkg/build/lib/harurobo_pkg
[7.054s] copying harurobo_pkg/web_socket_node.py -> /home/altair/ros2_haru/build/harurobo_pkg/build/lib/harurobo_pkg
[7.054s] copying harurobo_pkg/__init__.py -> /home/altair/ros2_haru/build/harurobo_pkg/build/lib/harurobo_pkg
[7.055s] copying harurobo_pkg/serial_send_node.py -> /home/altair/ros2_haru/build/harurobo_pkg/build/lib/harurobo_pkg
[7.055s] copying harurobo_pkg/can_node.py -> /home/altair/ros2_haru/build/harurobo_pkg/build/lib/harurobo_pkg
[7.056s] running install
[7.071s] running install_lib
[7.220s] running install_data
[7.225s] copying resource/harurobo_pkg -> /home/altair/ros2_haru/install/harurobo_pkg/share/ament_index/resource_index/packages
[7.225s] copying package.xml -> /home/altair/ros2_haru/install/harurobo_pkg/share/harurobo_pkg
[7.225s] running install_egg_info
[7.338s] removing '/home/altair/ros2_haru/install/harurobo_pkg/lib/python3.10/site-packages/harurobo_pkg-0.0.0-py3.10.egg-info' (and everything under it)
[7.341s] Copying ../../build/harurobo_pkg/harurobo_pkg.egg-info to /home/altair/ros2_haru/install/harurobo_pkg/lib/python3.10/site-packages/harurobo_pkg-0.0.0-py3.10.egg-info
[7.343s] running install_scripts
[8.068s] Installing can_node script to /home/altair/ros2_haru/install/harurobo_pkg/lib/harurobo_pkg
[8.069s] Installing planning_node script to /home/altair/ros2_haru/install/harurobo_pkg/lib/harurobo_pkg
[8.071s] Installing web_socket_node script to /home/altair/ros2_haru/install/harurobo_pkg/lib/harurobo_pkg
[8.076s] writing list of installed files to '/home/altair/ros2_haru/build/harurobo_pkg/install.log'
[8.171s] Invoked command in '/home/altair/ros2_haru/src/harurobo_pkg' returned '0': PYTHONPATH=/home/altair/ros2_haru/build/harurobo_pkg/prefix_override:/usr/lib/python3/dist-packages/colcon_core/task/python/colcon_distutils_commands:/home/altair/ros2_haru/install/harurobo_pkg/lib/python3.10/site-packages:${PYTHONPATH} /usr/bin/python3 -W ignore:setup.py install is deprecated -W ignore:easy_install command is deprecated setup.py egg_info --egg-base ../../build/harurobo_pkg build --build-base /home/altair/ros2_haru/build/harurobo_pkg/build install --record /home/altair/ros2_haru/build/harurobo_pkg/install.log --single-version-externally-managed install_data
