[1.065s] Invoking command in '/home/taichi/ros2/src/harurobo_pkg': PYTHONPATH=/home/taichi/ros2/build/harurobo_pkg/prefix_override:/usr/lib/python3/dist-packages/colcon_core/task/python/colcon_distutils_commands:/home/taichi/ros2/install/harurobo_pkg/lib/python3.10/site-packages:${PYTHONPATH} /usr/bin/python3 -W ignore:setup.py install is deprecated setup.py egg_info --egg-base ../../build/harurobo_pkg build --build-base /home/taichi/ros2/build/harurobo_pkg/build install --record /home/taichi/ros2/build/harurobo_pkg/install.log --single-version-externally-managed install_data
[1.476s] running egg_info
[1.477s] writing ../../build/harurobo_pkg/harurobo_pkg.egg-info/PKG-INFO
[1.477s] writing dependency_links to ../../build/harurobo_pkg/harurobo_pkg.egg-info/dependency_links.txt
[1.478s] writing entry points to ../../build/harurobo_pkg/harurobo_pkg.egg-info/entry_points.txt
[1.478s] writing requirements to ../../build/harurobo_pkg/harurobo_pkg.egg-info/requires.txt
[1.478s] writing top-level names to ../../build/harurobo_pkg/harurobo_pkg.egg-info/top_level.txt
[1.481s] reading manifest file '../../build/harurobo_pkg/harurobo_pkg.egg-info/SOURCES.txt'
[1.482s] writing manifest file '../../build/harurobo_pkg/harurobo_pkg.egg-info/SOURCES.txt'
[1.482s] running build
[1.483s] running build_py
[1.483s] copying harurobo_pkg/planning_node.py -> /home/taichi/ros2/build/harurobo_pkg/build/lib/harurobo_pkg
[1.483s] copying harurobo_pkg/serial_node.py -> /home/taichi/ros2/build/harurobo_pkg/build/lib/harurobo_pkg
[1.483s] running install
[1.484s] running install_lib
[1.485s] copying /home/taichi/ros2/build/harurobo_pkg/build/lib/harurobo_pkg/planning_node.py -> /home/taichi/ros2/install/harurobo_pkg/lib/python3.10/site-packages/harurobo_pkg
[1.485s] copying /home/taichi/ros2/build/harurobo_pkg/build/lib/harurobo_pkg/serial_node.py -> /home/taichi/ros2/install/harurobo_pkg/lib/python3.10/site-packages/harurobo_pkg
[1.486s] byte-compiling /home/taichi/ros2/install/harurobo_pkg/lib/python3.10/site-packages/harurobo_pkg/planning_node.py to planning_node.cpython-310.pyc
[1.487s] byte-compiling /home/taichi/ros2/install/harurobo_pkg/lib/python3.10/site-packages/harurobo_pkg/serial_node.py to serial_node.cpython-310.pyc
[1.488s] running install_data
[1.488s] running install_egg_info
[1.490s] removing '/home/taichi/ros2/install/harurobo_pkg/lib/python3.10/site-packages/harurobo_pkg-0.0.0-py3.10.egg-info' (and everything under it)
[1.491s] Copying ../../build/harurobo_pkg/harurobo_pkg.egg-info to /home/taichi/ros2/install/harurobo_pkg/lib/python3.10/site-packages/harurobo_pkg-0.0.0-py3.10.egg-info
[1.492s] running install_scripts
[1.523s] Installing planning_node script to /home/taichi/ros2/install/harurobo_pkg/lib/harurobo_pkg
[1.523s] Installing serial_node script to /home/taichi/ros2/install/harurobo_pkg/lib/harurobo_pkg
[1.524s] writing list of installed files to '/home/taichi/ros2/build/harurobo_pkg/install.log'
[1.567s] Invoked command in '/home/taichi/ros2/src/harurobo_pkg' returned '0': PYTHONPATH=/home/taichi/ros2/build/harurobo_pkg/prefix_override:/usr/lib/python3/dist-packages/colcon_core/task/python/colcon_distutils_commands:/home/taichi/ros2/install/harurobo_pkg/lib/python3.10/site-packages:${PYTHONPATH} /usr/bin/python3 -W ignore:setup.py install is deprecated setup.py egg_info --egg-base ../../build/harurobo_pkg build --build-base /home/taichi/ros2/build/harurobo_pkg/build install --record /home/taichi/ros2/build/harurobo_pkg/install.log --single-version-externally-managed install_data
