[6.110s] Invoking command in '/home/altair/ros2_haru/src/harurobo_pkg': PYTHONPATH=/home/altair/ros2_haru/build/harurobo_pkg/prefix_override:/usr/lib/python3/dist-packages/colcon_core/task/python/colcon_distutils_commands:/home/altair/ros2_haru/install/harurobo_pkg/lib/python3.10/site-packages:${PYTHONPATH} /usr/bin/python3 -W ignore:setup.py install is deprecated -W ignore:easy_install command is deprecated setup.py egg_info --egg-base ../../build/harurobo_pkg build --build-base /home/altair/ros2_haru/build/harurobo_pkg/build install --record /home/altair/ros2_haru/build/harurobo_pkg/install.log --single-version-externally-managed install_data
[7.037s] /home/altair/.local/lib/python3.10/site-packages/setuptools/_distutils/dist.py:261: UserWarning: Unknown distribution option: 'tests_require'
[7.037s]   warnings.warn(msg)
[8.000s] running egg_info
[8.049s] writing ../../build/harurobo_pkg/harurobo_pkg.egg-info/PKG-INFO
[8.049s] writing dependency_links to ../../build/harurobo_pkg/harurobo_pkg.egg-info/dependency_links.txt
[8.050s] writing entry points to ../../build/harurobo_pkg/harurobo_pkg.egg-info/entry_points.txt
[8.050s] writing requirements to ../../build/harurobo_pkg/harurobo_pkg.egg-info/requires.txt
[8.050s] writing top-level names to ../../build/harurobo_pkg/harurobo_pkg.egg-info/top_level.txt
[8.287s] reading manifest file '../../build/harurobo_pkg/harurobo_pkg.egg-info/SOURCES.txt'
[8.289s] writing manifest file '../../build/harurobo_pkg/harurobo_pkg.egg-info/SOURCES.txt'
[8.289s] running build
[8.289s] running build_py
[8.289s] copying harurobo_pkg/planning_node.py -> /home/altair/ros2_haru/build/harurobo_pkg/build/lib/harurobo_pkg
[8.289s] copying harurobo_pkg/serial_receive_node.py -> /home/altair/ros2_haru/build/harurobo_pkg/build/lib/harurobo_pkg
[8.290s] copying harurobo_pkg/web_socket_node.py -> /home/altair/ros2_haru/build/harurobo_pkg/build/lib/harurobo_pkg
[8.290s] copying harurobo_pkg/__init__.py -> /home/altair/ros2_haru/build/harurobo_pkg/build/lib/harurobo_pkg
[8.290s] copying harurobo_pkg/serial_send_node.py -> /home/altair/ros2_haru/build/harurobo_pkg/build/lib/harurobo_pkg
[8.290s] copying harurobo_pkg/can_node.py -> /home/altair/ros2_haru/build/harurobo_pkg/build/lib/harurobo_pkg
[8.291s] running install
[8.297s] running install_lib
[8.510s] running install_data
[8.514s] copying resource/harurobo_pkg -> /home/altair/ros2_haru/install/harurobo_pkg/share/ament_index/resource_index/packages
[8.518s] copying package.xml -> /home/altair/ros2_haru/install/harurobo_pkg/share/harurobo_pkg
[8.520s] running install_egg_info
[8.651s] removing '/home/altair/ros2_haru/install/harurobo_pkg/lib/python3.10/site-packages/harurobo_pkg-0.0.0-py3.10.egg-info' (and everything under it)
[8.654s] Copying ../../build/harurobo_pkg/harurobo_pkg.egg-info to /home/altair/ros2_haru/install/harurobo_pkg/lib/python3.10/site-packages/harurobo_pkg-0.0.0-py3.10.egg-info
[8.663s] running install_scripts
[9.790s] Installing can_node script to /home/altair/ros2_haru/install/harurobo_pkg/lib/harurobo_pkg
[9.792s] Installing planning_node script to /home/altair/ros2_haru/install/harurobo_pkg/lib/harurobo_pkg
[9.794s] Installing web_socket_node script to /home/altair/ros2_haru/install/harurobo_pkg/lib/harurobo_pkg
[9.799s] writing list of installed files to '/home/altair/ros2_haru/build/harurobo_pkg/install.log'
[9.934s] Invoked command in '/home/altair/ros2_haru/src/harurobo_pkg' returned '0': PYTHONPATH=/home/altair/ros2_haru/build/harurobo_pkg/prefix_override:/usr/lib/python3/dist-packages/colcon_core/task/python/colcon_distutils_commands:/home/altair/ros2_haru/install/harurobo_pkg/lib/python3.10/site-packages:${PYTHONPATH} /usr/bin/python3 -W ignore:setup.py install is deprecated -W ignore:easy_install command is deprecated setup.py egg_info --egg-base ../../build/harurobo_pkg build --build-base /home/altair/ros2_haru/build/harurobo_pkg/build install --record /home/altair/ros2_haru/build/harurobo_pkg/install.log --single-version-externally-managed install_data
