[1.165s] Invoking command in '/home/altair/.local/share/Trash/files/ros2_haru/src/harurobo_pkg': PYTHONPATH=/home/altair/.local/share/Trash/files/ros2_haru/build/harurobo_pkg/prefix_override:/usr/lib/python3/dist-packages/colcon_core/task/python/colcon_distutils_commands:/home/altair/.local/share/Trash/files/ros2_haru/install/harurobo_pkg/lib/python3.10/site-packages:${PYTHONPATH} /usr/bin/python3 -W ignore:setup.py install is deprecated -W ignore:easy_install command is deprecated setup.py egg_info --egg-base ../../build/harurobo_pkg build --build-base /home/altair/.local/share/Trash/files/ros2_haru/build/harurobo_pkg/build install --record /home/altair/.local/share/Trash/files/ros2_haru/build/harurobo_pkg/install.log --single-version-externally-managed install_data
[1.349s] /home/altair/.local/lib/python3.10/site-packages/setuptools/_distutils/dist.py:261: UserWarning: Unknown distribution option: 'tests_require'
[1.349s]   warnings.warn(msg)
[1.518s] running egg_info
[1.546s] writing ../../build/harurobo_pkg/harurobo_pkg.egg-info/PKG-INFO
[1.546s] writing dependency_links to ../../build/harurobo_pkg/harurobo_pkg.egg-info/dependency_links.txt
[1.546s] writing entry points to ../../build/harurobo_pkg/harurobo_pkg.egg-info/entry_points.txt
[1.546s] writing requirements to ../../build/harurobo_pkg/harurobo_pkg.egg-info/requires.txt
[1.547s] writing top-level names to ../../build/harurobo_pkg/harurobo_pkg.egg-info/top_level.txt
[1.603s] reading manifest file '../../build/harurobo_pkg/harurobo_pkg.egg-info/SOURCES.txt'
[1.604s] writing manifest file '../../build/harurobo_pkg/harurobo_pkg.egg-info/SOURCES.txt'
[1.604s] running build
[1.604s] running build_py
[1.605s] copying harurobo_pkg/planning_node.py -> /home/altair/.local/share/Trash/files/ros2_haru/build/harurobo_pkg/build/lib/harurobo_pkg
[1.605s] copying harurobo_pkg/web_socket_node.py -> /home/altair/.local/share/Trash/files/ros2_haru/build/harurobo_pkg/build/lib/harurobo_pkg
[1.605s] copying harurobo_pkg/__init__.py -> /home/altair/.local/share/Trash/files/ros2_haru/build/harurobo_pkg/build/lib/harurobo_pkg
[1.605s] copying harurobo_pkg/can_node.py -> /home/altair/.local/share/Trash/files/ros2_haru/build/harurobo_pkg/build/lib/harurobo_pkg
[1.606s] running install
[1.611s] running install_lib
[1.641s] running install_data
[1.641s] copying resource/harurobo_pkg -> /home/altair/.local/share/Trash/files/ros2_haru/install/harurobo_pkg/share/ament_index/resource_index/packages
[1.641s] copying package.xml -> /home/altair/.local/share/Trash/files/ros2_haru/install/harurobo_pkg/share/harurobo_pkg
[1.641s] running install_egg_info
[1.670s] removing '/home/altair/.local/share/Trash/files/ros2_haru/install/harurobo_pkg/lib/python3.10/site-packages/harurobo_pkg-0.0.0-py3.10.egg-info' (and everything under it)
[1.670s] Copying ../../build/harurobo_pkg/harurobo_pkg.egg-info to /home/altair/.local/share/Trash/files/ros2_haru/install/harurobo_pkg/lib/python3.10/site-packages/harurobo_pkg-0.0.0-py3.10.egg-info
[1.671s] running install_scripts
[1.883s] Installing can_node script to /home/altair/.local/share/Trash/files/ros2_haru/install/harurobo_pkg/lib/harurobo_pkg
[1.883s] Installing planning_node script to /home/altair/.local/share/Trash/files/ros2_haru/install/harurobo_pkg/lib/harurobo_pkg
[1.883s] Installing web_socket_node script to /home/altair/.local/share/Trash/files/ros2_haru/install/harurobo_pkg/lib/harurobo_pkg
[1.884s] writing list of installed files to '/home/altair/.local/share/Trash/files/ros2_haru/build/harurobo_pkg/install.log'
[1.910s] Invoked command in '/home/altair/.local/share/Trash/files/ros2_haru/src/harurobo_pkg' returned '0': PYTHONPATH=/home/altair/.local/share/Trash/files/ros2_haru/build/harurobo_pkg/prefix_override:/usr/lib/python3/dist-packages/colcon_core/task/python/colcon_distutils_commands:/home/altair/.local/share/Trash/files/ros2_haru/install/harurobo_pkg/lib/python3.10/site-packages:${PYTHONPATH} /usr/bin/python3 -W ignore:setup.py install is deprecated -W ignore:easy_install command is deprecated setup.py egg_info --egg-base ../../build/harurobo_pkg build --build-base /home/altair/.local/share/Trash/files/ros2_haru/build/harurobo_pkg/build install --record /home/altair/.local/share/Trash/files/ros2_haru/build/harurobo_pkg/install.log --single-version-externally-managed install_data
