running egg_info
creating ../../build/harurobo_pkg/harurobo_pkg.egg-info
writing ../../build/harurobo_pkg/harurobo_pkg.egg-info/PKG-INFO
writing dependency_links to ../../build/harurobo_pkg/harurobo_pkg.egg-info/dependency_links.txt
writing entry points to ../../build/harurobo_pkg/harurobo_pkg.egg-info/entry_points.txt
writing requirements to ../../build/harurobo_pkg/harurobo_pkg.egg-info/requires.txt
writing top-level names to ../../build/harurobo_pkg/harurobo_pkg.egg-info/top_level.txt
writing manifest file '../../build/harurobo_pkg/harurobo_pkg.egg-info/SOURCES.txt'
reading manifest file '../../build/harurobo_pkg/harurobo_pkg.egg-info/SOURCES.txt'
writing manifest file '../../build/harurobo_pkg/harurobo_pkg.egg-info/SOURCES.txt'
running build
running build_py
creating /home/taichi/ros2/build/harurobo_pkg/build
creating /home/taichi/ros2/build/harurobo_pkg/build/lib
creating /home/taichi/ros2/build/harurobo_pkg/build/lib/harurobo_pkg
copying harurobo_pkg/planning_node.py -> /home/taichi/ros2/build/harurobo_pkg/build/lib/harurobo_pkg
copying harurobo_pkg/serial_node.py -> /home/taichi/ros2/build/harurobo_pkg/build/lib/harurobo_pkg
copying harurobo_pkg/__init__.py -> /home/taichi/ros2/build/harurobo_pkg/build/lib/harurobo_pkg
running install
running install_lib
creating /home/taichi/ros2/install/harurobo_pkg/lib/python3.10/site-packages/harurobo_pkg
copying /home/taichi/ros2/build/harurobo_pkg/build/lib/harurobo_pkg/planning_node.py -> /home/taichi/ros2/install/harurobo_pkg/lib/python3.10/site-packages/harurobo_pkg
copying /home/taichi/ros2/build/harurobo_pkg/build/lib/harurobo_pkg/serial_node.py -> /home/taichi/ros2/install/harurobo_pkg/lib/python3.10/site-packages/harurobo_pkg
copying /home/taichi/ros2/build/harurobo_pkg/build/lib/harurobo_pkg/__init__.py -> /home/taichi/ros2/install/harurobo_pkg/lib/python3.10/site-packages/harurobo_pkg
byte-compiling /home/taichi/ros2/install/harurobo_pkg/lib/python3.10/site-packages/harurobo_pkg/planning_node.py to planning_node.cpython-310.pyc
byte-compiling /home/taichi/ros2/install/harurobo_pkg/lib/python3.10/site-packages/harurobo_pkg/serial_node.py to serial_node.cpython-310.pyc
byte-compiling /home/taichi/ros2/install/harurobo_pkg/lib/python3.10/site-packages/harurobo_pkg/__init__.py to __init__.cpython-310.pyc
running install_data
creating /home/taichi/ros2/install/harurobo_pkg/share/ament_index
creating /home/taichi/ros2/install/harurobo_pkg/share/ament_index/resource_index
creating /home/taichi/ros2/install/harurobo_pkg/share/ament_index/resource_index/packages
copying resource/harurobo_pkg -> /home/taichi/ros2/install/harurobo_pkg/share/ament_index/resource_index/packages
copying package.xml -> /home/taichi/ros2/install/harurobo_pkg/share/harurobo_pkg
running install_egg_info
Copying ../../build/harurobo_pkg/harurobo_pkg.egg-info to /home/taichi/ros2/install/harurobo_pkg/lib/python3.10/site-packages/harurobo_pkg-0.0.0-py3.10.egg-info
running install_scripts
Installing planning_node script to /home/taichi/ros2/install/harurobo_pkg/lib/harurobo_pkg
Installing serial_node script to /home/taichi/ros2/install/harurobo_pkg/lib/harurobo_pkg
writing list of installed files to '/home/taichi/ros2/build/harurobo_pkg/install.log'
