[1.171s] Invoking command in '/home/taichi/ros2/src/harurobo_pkg': PYTHONPATH=/home/taichi/ros2/build/harurobo_pkg/prefix_override:/usr/lib/python3/dist-packages/colcon_core/task/python/colcon_distutils_commands:/home/taichi/ros2/install/harurobo_pkg/lib/python3.10/site-packages:${PYTHONPATH} /usr/bin/python3 -W ignore:setup.py install is deprecated setup.py egg_info --egg-base ../../build/harurobo_pkg build --build-base /home/taichi/ros2/build/harurobo_pkg/build install --record /home/taichi/ros2/build/harurobo_pkg/install.log --single-version-externally-managed install_data
[1.606s] running egg_info
[1.607s] writing ../../build/harurobo_pkg/harurobo_pkg.egg-info/PKG-INFO
[1.608s] writing dependency_links to ../../build/harurobo_pkg/harurobo_pkg.egg-info/dependency_links.txt
[1.608s] writing entry points to ../../build/harurobo_pkg/harurobo_pkg.egg-info/entry_points.txt
[1.608s] writing requirements to ../../build/harurobo_pkg/harurobo_pkg.egg-info/requires.txt
[1.609s] writing top-level names to ../../build/harurobo_pkg/harurobo_pkg.egg-info/top_level.txt
[1.612s] reading manifest file '../../build/harurobo_pkg/harurobo_pkg.egg-info/SOURCES.txt'
[1.613s] writing manifest file '../../build/harurobo_pkg/harurobo_pkg.egg-info/SOURCES.txt'
[1.613s] running build
[1.613s] running build_py
[1.614s] copying harurobo_pkg/planning_node.py -> /home/taichi/ros2/build/harurobo_pkg/build/lib/harurobo_pkg
[1.614s] running install
[1.615s] running install_lib
[1.616s] copying /home/taichi/ros2/build/harurobo_pkg/build/lib/harurobo_pkg/planning_node.py -> /home/taichi/ros2/install/harurobo_pkg/lib/python3.10/site-packages/harurobo_pkg
[1.617s] byte-compiling /home/taichi/ros2/install/harurobo_pkg/lib/python3.10/site-packages/harurobo_pkg/planning_node.py to planning_node.cpython-310.pyc
[1.620s] running install_data
[1.620s] running install_egg_info
[1.623s] removing '/home/taichi/ros2/install/harurobo_pkg/lib/python3.10/site-packages/harurobo_pkg-0.0.0-py3.10.egg-info' (and everything under it)
[1.623s] Copying ../../build/harurobo_pkg/harurobo_pkg.egg-info to /home/taichi/ros2/install/harurobo_pkg/lib/python3.10/site-packages/harurobo_pkg-0.0.0-py3.10.egg-info
[1.626s] running install_scripts
[1.657s] Installing planning_node script to /home/taichi/ros2/install/harurobo_pkg/lib/harurobo_pkg
[1.658s] Installing serial_node script to /home/taichi/ros2/install/harurobo_pkg/lib/harurobo_pkg
[1.658s] writing list of installed files to '/home/taichi/ros2/build/harurobo_pkg/install.log'
[1.701s] Invoked command in '/home/taichi/ros2/src/harurobo_pkg' returned '0': PYTHONPATH=/home/taichi/ros2/build/harurobo_pkg/prefix_override:/usr/lib/python3/dist-packages/colcon_core/task/python/colcon_distutils_commands:/home/taichi/ros2/install/harurobo_pkg/lib/python3.10/site-packages:${PYTHONPATH} /usr/bin/python3 -W ignore:setup.py install is deprecated setup.py egg_info --egg-base ../../build/harurobo_pkg build --build-base /home/taichi/ros2/build/harurobo_pkg/build install --record /home/taichi/ros2/build/harurobo_pkg/install.log --single-version-externally-managed install_data
