/home/taichi/ros2/install/harurobo_pkg/lib/python3.10/site-packages/harurobo_pkg/serial_receive_node.py
/home/taichi/ros2/install/harurobo_pkg/lib/python3.10/site-packages/harurobo_pkg/web_socket_node.py
/home/taichi/ros2/install/harurobo_pkg/lib/python3.10/site-packages/harurobo_pkg/planning_node.py
/home/taichi/ros2/install/harurobo_pkg/lib/python3.10/site-packages/harurobo_pkg/__init__.py
/home/taichi/ros2/install/harurobo_pkg/lib/python3.10/site-packages/harurobo_pkg/serial_send_node.py
/home/taichi/ros2/install/harurobo_pkg/lib/python3.10/site-packages/harurobo_pkg/__pycache__/serial_receive_node.cpython-310.pyc
/home/taichi/ros2/install/harurobo_pkg/lib/python3.10/site-packages/harurobo_pkg/__pycache__/web_socket_node.cpython-310.pyc
/home/taichi/ros2/install/harurobo_pkg/lib/python3.10/site-packages/harurobo_pkg/__pycache__/planning_node.cpython-310.pyc
/home/taichi/ros2/install/harurobo_pkg/lib/python3.10/site-packages/harurobo_pkg/__pycache__/__init__.cpython-310.pyc
/home/taichi/ros2/install/harurobo_pkg/lib/python3.10/site-packages/harurobo_pkg/__pycache__/serial_send_node.cpython-310.pyc
/home/taichi/ros2/install/harurobo_pkg/share/ament_index/resource_index/packages/harurobo_pkg
/home/taichi/ros2/install/harurobo_pkg/share/harurobo_pkg/package.xml
/home/taichi/ros2/install/harurobo_pkg/lib/python3.10/site-packages/harurobo_pkg-0.0.0-py3.10.egg-info/requires.txt
/home/taichi/ros2/install/harurobo_pkg/lib/python3.10/site-packages/harurobo_pkg-0.0.0-py3.10.egg-info/top_level.txt
/home/taichi/ros2/install/harurobo_pkg/lib/python3.10/site-packages/harurobo_pkg-0.0.0-py3.10.egg-info/PKG-INFO
/home/taichi/ros2/install/harurobo_pkg/lib/python3.10/site-packages/harurobo_pkg-0.0.0-py3.10.egg-info/dependency_links.txt
/home/taichi/ros2/install/harurobo_pkg/lib/python3.10/site-packages/harurobo_pkg-0.0.0-py3.10.egg-info/zip-safe
/home/taichi/ros2/install/harurobo_pkg/lib/python3.10/site-packages/harurobo_pkg-0.0.0-py3.10.egg-info/entry_points.txt
/home/taichi/ros2/install/harurobo_pkg/lib/python3.10/site-packages/harurobo_pkg-0.0.0-py3.10.egg-info/SOURCES.txt
/home/taichi/ros2/install/harurobo_pkg/lib/harurobo_pkg/planning_node
/home/taichi/ros2/install/harurobo_pkg/lib/harurobo_pkg/serial_receive_node
/home/taichi/ros2/install/harurobo_pkg/lib/harurobo_pkg/serial_send_node
/home/taichi/ros2/install/harurobo_pkg/lib/harurobo_pkg/web_socket_node
