[1.198s] Invoking command in '/home/altair/ros2_haru/src/harurobo_pkg': PYTHONPATH=/home/altair/ros2_haru/build/harurobo_pkg/prefix_override:/usr/lib/python3/dist-packages/colcon_core/task/python/colcon_distutils_commands:/home/altair/ros2_haru/install/harurobo_pkg/lib/python3.10/site-packages:${PYTHONPATH} /usr/bin/python3 -W ignore:setup.py install is deprecated -W ignore:easy_install command is deprecated setup.py egg_info --egg-base ../../build/harurobo_pkg build --build-base /home/altair/ros2_haru/build/harurobo_pkg/build install --record /home/altair/ros2_haru/build/harurobo_pkg/install.log --single-version-externally-managed install_data
[1.388s] /home/altair/.local/lib/python3.10/site-packages/setuptools/_distutils/dist.py:261: UserWarning: Unknown distribution option: 'tests_require'
[1.389s]   warnings.warn(msg)
[1.559s] running egg_info
[1.586s] writing ../../build/harurobo_pkg/harurobo_pkg.egg-info/PKG-INFO
[1.586s] writing dependency_links to ../../build/harurobo_pkg/harurobo_pkg.egg-info/dependency_links.txt
[1.587s] writing entry points to ../../build/harurobo_pkg/harurobo_pkg.egg-info/entry_points.txt
[1.587s] writing requirements to ../../build/harurobo_pkg/harurobo_pkg.egg-info/requires.txt
[1.587s] writing top-level names to ../../build/harurobo_pkg/harurobo_pkg.egg-info/top_level.txt
[1.645s] reading manifest file '../../build/harurobo_pkg/harurobo_pkg.egg-info/SOURCES.txt'
[1.647s] writing manifest file '../../build/harurobo_pkg/harurobo_pkg.egg-info/SOURCES.txt'
[1.647s] running build
[1.647s] running build_py
[1.647s] copying harurobo_pkg/planning_node.py -> /home/altair/ros2_haru/build/harurobo_pkg/build/lib/harurobo_pkg
[1.649s] copying harurobo_pkg/serial_receive_node.py -> /home/altair/ros2_haru/build/harurobo_pkg/build/lib/harurobo_pkg
[1.649s] copying harurobo_pkg/web_socket_node.py -> /home/altair/ros2_haru/build/harurobo_pkg/build/lib/harurobo_pkg
[1.649s] copying harurobo_pkg/__init__.py -> /home/altair/ros2_haru/build/harurobo_pkg/build/lib/harurobo_pkg
[1.650s] copying harurobo_pkg/serial_send_node.py -> /home/altair/ros2_haru/build/harurobo_pkg/build/lib/harurobo_pkg
[1.650s] running install
[1.657s] running install_lib
[1.685s] copying /home/altair/ros2_haru/build/harurobo_pkg/build/lib/harurobo_pkg/serial_receive_node.py -> /home/altair/ros2_haru/install/harurobo_pkg/lib/python3.10/site-packages/harurobo_pkg
[1.686s] copying /home/altair/ros2_haru/build/harurobo_pkg/build/lib/harurobo_pkg/serial_send_node.py -> /home/altair/ros2_haru/install/harurobo_pkg/lib/python3.10/site-packages/harurobo_pkg
[1.686s] byte-compiling /home/altair/ros2_haru/install/harurobo_pkg/lib/python3.10/site-packages/harurobo_pkg/serial_receive_node.py to serial_receive_node.cpython-310.pyc
[1.688s] byte-compiling /home/altair/ros2_haru/install/harurobo_pkg/lib/python3.10/site-packages/harurobo_pkg/serial_send_node.py to serial_send_node.cpython-310.pyc
[1.689s] running install_data
[1.690s] copying resource/harurobo_pkg -> /home/altair/ros2_haru/install/harurobo_pkg/share/ament_index/resource_index/packages
[1.690s] copying package.xml -> /home/altair/ros2_haru/install/harurobo_pkg/share/harurobo_pkg
[1.690s] running install_egg_info
[1.720s] removing '/home/altair/ros2_haru/install/harurobo_pkg/lib/python3.10/site-packages/harurobo_pkg-0.0.0-py3.10.egg-info' (and everything under it)
[1.721s] Copying ../../build/harurobo_pkg/harurobo_pkg.egg-info to /home/altair/ros2_haru/install/harurobo_pkg/lib/python3.10/site-packages/harurobo_pkg-0.0.0-py3.10.egg-info
[1.722s] running install_scripts
[1.935s] Installing planning_node script to /home/altair/ros2_haru/install/harurobo_pkg/lib/harurobo_pkg
[1.935s] Installing serial_receive_node script to /home/altair/ros2_haru/install/harurobo_pkg/lib/harurobo_pkg
[1.935s] Installing serial_send_node script to /home/altair/ros2_haru/install/harurobo_pkg/lib/harurobo_pkg
[1.935s] Installing web_socket_node script to /home/altair/ros2_haru/install/harurobo_pkg/lib/harurobo_pkg
[1.936s] writing list of installed files to '/home/altair/ros2_haru/build/harurobo_pkg/install.log'
[1.965s] Invoked command in '/home/altair/ros2_haru/src/harurobo_pkg' returned '0': PYTHONPATH=/home/altair/ros2_haru/build/harurobo_pkg/prefix_override:/usr/lib/python3/dist-packages/colcon_core/task/python/colcon_distutils_commands:/home/altair/ros2_haru/install/harurobo_pkg/lib/python3.10/site-packages:${PYTHONPATH} /usr/bin/python3 -W ignore:setup.py install is deprecated -W ignore:easy_install command is deprecated setup.py egg_info --egg-base ../../build/harurobo_pkg build --build-base /home/altair/ros2_haru/build/harurobo_pkg/build install --record /home/altair/ros2_haru/build/harurobo_pkg/install.log --single-version-externally-managed install_data
