[1.262s] Invoking command in '/home/taichi/ros2/src/harurobo_pkg': PYTHONPATH=/home/taichi/ros2/build/harurobo_pkg/prefix_override:/usr/lib/python3/dist-packages/colcon_core/task/python/colcon_distutils_commands:/home/taichi/ros2/install/harurobo_pkg/lib/python3.10/site-packages:${PYTHONPATH} /usr/bin/python3 -W ignore:setup.py install is deprecated setup.py egg_info --egg-base ../../build/harurobo_pkg build --build-base /home/taichi/ros2/build/harurobo_pkg/build install --record /home/taichi/ros2/build/harurobo_pkg/install.log --single-version-externally-managed install_data
[1.669s] running egg_info
[1.670s] writing ../../build/harurobo_pkg/harurobo_pkg.egg-info/PKG-INFO
[1.670s] writing dependency_links to ../../build/harurobo_pkg/harurobo_pkg.egg-info/dependency_links.txt
[1.671s] writing entry points to ../../build/harurobo_pkg/harurobo_pkg.egg-info/entry_points.txt
[1.671s] writing requirements to ../../build/harurobo_pkg/harurobo_pkg.egg-info/requires.txt
[1.671s] writing top-level names to ../../build/harurobo_pkg/harurobo_pkg.egg-info/top_level.txt
[1.674s] reading manifest file '../../build/harurobo_pkg/harurobo_pkg.egg-info/SOURCES.txt'
[1.675s] writing manifest file '../../build/harurobo_pkg/harurobo_pkg.egg-info/SOURCES.txt'
[1.675s] running build
[1.676s] running build_py
[1.676s] copying harurobo_pkg/planning_node.py -> /home/taichi/ros2/build/harurobo_pkg/build/lib/harurobo_pkg
[1.676s] copying harurobo_pkg/serial_node.py -> /home/taichi/ros2/build/harurobo_pkg/build/lib/harurobo_pkg
[1.677s] running install
[1.677s] running install_lib
[1.678s] copying /home/taichi/ros2/build/harurobo_pkg/build/lib/harurobo_pkg/planning_node.py -> /home/taichi/ros2/install/harurobo_pkg/lib/python3.10/site-packages/harurobo_pkg
[1.678s] copying /home/taichi/ros2/build/harurobo_pkg/build/lib/harurobo_pkg/serial_node.py -> /home/taichi/ros2/install/harurobo_pkg/lib/python3.10/site-packages/harurobo_pkg
[1.679s] byte-compiling /home/taichi/ros2/install/harurobo_pkg/lib/python3.10/site-packages/harurobo_pkg/planning_node.py to planning_node.cpython-310.pyc
[1.680s] byte-compiling /home/taichi/ros2/install/harurobo_pkg/lib/python3.10/site-packages/harurobo_pkg/serial_node.py to serial_node.cpython-310.pyc
[1.680s]   File "/home/taichi/ros2/install/harurobo_pkg/lib/python3.10/site-packages/harurobo_pkg/serial_node.py", line 6
[1.681s]     Int8 data[4] = {100,100,100,100}
[1.681s]          ^^^^
[1.681s] SyntaxError: invalid syntax
[1.681s] 
[1.681s] running install_data
[1.681s] running install_egg_info
[1.683s] removing '/home/taichi/ros2/install/harurobo_pkg/lib/python3.10/site-packages/harurobo_pkg-0.0.0-py3.10.egg-info' (and everything under it)
[1.684s] Copying ../../build/harurobo_pkg/harurobo_pkg.egg-info to /home/taichi/ros2/install/harurobo_pkg/lib/python3.10/site-packages/harurobo_pkg-0.0.0-py3.10.egg-info
[1.685s] running install_scripts
[1.714s] Installing planning_node script to /home/taichi/ros2/install/harurobo_pkg/lib/harurobo_pkg
[1.715s] Installing serial_node script to /home/taichi/ros2/install/harurobo_pkg/lib/harurobo_pkg
[1.715s] writing list of installed files to '/home/taichi/ros2/build/harurobo_pkg/install.log'
[1.755s] Invoked command in '/home/taichi/ros2/src/harurobo_pkg' returned '0': PYTHONPATH=/home/taichi/ros2/build/harurobo_pkg/prefix_override:/usr/lib/python3/dist-packages/colcon_core/task/python/colcon_distutils_commands:/home/taichi/ros2/install/harurobo_pkg/lib/python3.10/site-packages:${PYTHONPATH} /usr/bin/python3 -W ignore:setup.py install is deprecated setup.py egg_info --egg-base ../../build/harurobo_pkg build --build-base /home/taichi/ros2/build/harurobo_pkg/build install --record /home/taichi/ros2/build/harurobo_pkg/install.log --single-version-externally-managed install_data
